TN:
SF:src/components/layout/Footer.tsx
FN:1,Footer
FNF:1
FNH:0
FNDA:0,Footer
DA:1,0
LF:1
LH:0
BRF:0
BRH:0
end_of_record
TN:
SF:src/components/layout/Header.tsx
FN:1,Header
FNF:1
FNH:1
FNDA:1,Header
DA:1,1
LF:1
LH:1
BRF:0
BRH:0
end_of_record
TN:
SF:src/components/layout/MainLayout.tsx
FN:9,MainLayout
FNF:1
FNH:0
FNDA:0,MainLayout
DA:2,0
DA:3,0
DA:9,0
LF:3
LH:0
BRF:0
BRH:0
end_of_record
TN:
SF:src/lib/theme.ts
FNF:0
FNH:0
DA:1,0
LF:1
LH:0
BRF:0
BRH:0
end_of_record
TN:
SF:src/utils/env.ts
FN:7,(anonymous_3)
FN:21,(anonymous_4)
FNF:2
FNH:0
FNDA:0,(anonymous_3)
FNDA:0,(anonymous_4)
DA:7,0
DA:8,0
DA:10,0
DA:11,0
DA:14,0
DA:21,0
DA:22,0
DA:23,0
DA:25,0
LF:9
LH:0
BRDA:8,0,0,0
BRDA:8,0,1,0
BRDA:10,1,0,0
BRDA:22,2,0,0
BRF:4
BRH:0
end_of_record
